TN:
SF:src\App.tsx
FN:1,(empty-report)
FNF:1
FNH:0
FNDA:0,(empty-report)
DA:1,0
DA:2,0
DA:3,0
DA:4,0
DA:6,0
DA:7,0
DA:8,0
DA:9,0
DA:10,0
DA:11,0
DA:12,0
DA:13,0
DA:14,0
DA:15,0
DA:17,0
DA:19,0
LF:16
LH:0
BRDA:1,0,0,0
BRF:1
BRH:0
end_of_record
TN:
SF:src\main.tsx
FN:1,(empty-report)
FNF:1
FNH:0
FNDA:0,(empty-report)
DA:1,0
DA:2,0
DA:3,0
DA:4,0
DA:6,0
DA:7,0
DA:8,0
DA:9,0
DA:10,0
DA:11,0
DA:12,0
DA:13,0
LF:12
LH:0
BRDA:1,0,0,0
BRF:1
BRH:0
end_of_record
TN:
SF:src\components\error\ErrorModule.tsx
FN:3,Error
FNF:1
FNH:1
FNDA:3,Error
DA:1,1
DA:3,1
DA:4,3
DA:5,3
DA:6,3
DA:7,3
DA:8,3
DA:10,3
DA:12,1
LF:9
LH:9
BRDA:3,0,0,3
BRF:1
BRH:1
end_of_record
TN:
SF:src\components\errorBoundary\ErrorBoundary.tsx
FN:8,ErrorBoundary
FN:13,getDerivedStateFromError
FN:17,componentDidCatch
FN:21,render
FNF:4
FNH:4
FNDA:4,ErrorBoundary
FNDA:2,getDerivedStateFromError
FNDA:1,componentDidCatch
FNDA:5,render
DA:1,1
DA:2,1
DA:4,1
DA:7,1
DA:8,1
DA:9,4
DA:10,4
DA:11,4
DA:13,1
DA:14,2
DA:15,2
DA:17,1
DA:18,1
DA:19,1
DA:21,1
DA:22,5
DA:23,2
DA:24,2
DA:25,3
DA:26,5
DA:27,1
LF:21
LH:21
BRDA:8,0,0,4
BRDA:13,1,0,2
BRDA:17,2,0,1
BRDA:21,3,0,5
BRDA:22,4,0,2
BRDA:24,5,0,3
BRF:6
BRH:6
end_of_record
TN:
SF:src\components\errorBoundary\ErrorComponent.tsx
FN:3,ErrorComponent
FN:5,handleClick
FNF:2
FNH:1
FNDA:2,ErrorComponent
FNDA:0,handleClick
DA:1,1
DA:3,1
DA:4,2
DA:5,2
DA:6,0
DA:7,0
DA:9,2
DA:10,0
DA:11,0
DA:13,2
DA:14,2
DA:16,1
LF:12
LH:8
BRDA:3,0,0,2
BRDA:9,1,0,0
BRF:2
BRH:1
end_of_record
TN:
SF:src\components\header\TopControls.tsx
FN:9,Topcontrols
FN:17,handleSearch
FN:23,handleChange
FNF:3
FNH:2
FNDA:4,Topcontrols
FNDA:0,handleSearch
FNDA:1,handleChange
DA:1,1
DA:2,1
DA:9,1
DA:10,4
DA:11,4
DA:13,4
DA:14,2
DA:15,4
DA:17,4
DA:18,0
DA:19,0
DA:20,0
DA:21,0
DA:23,4
DA:24,1
DA:25,1
DA:27,4
DA:28,4
DA:29,4
DA:30,4
DA:31,4
DA:32,4
DA:33,4
DA:34,4
DA:35,4
DA:36,4
DA:37,4
DA:38,4
DA:39,4
DA:40,4
DA:42,4
DA:44,1
LF:32
LH:28
BRDA:9,0,0,4
BRDA:13,1,0,2
BRDA:23,2,0,1
BRF:3
BRH:3
end_of_record
TN:
SF:src\components\main\Main.tsx
FN:16,Main
FN:29,handleItemClick
FNF:2
FNH:1
FNDA:3,Main
FNDA:0,handleItemClick
DA:1,1
DA:3,1
DA:4,1
DA:5,1
DA:6,1
DA:7,1
DA:16,1
DA:17,3
DA:18,3
DA:19,3
DA:20,3
DA:21,3
DA:22,3
DA:23,3
DA:24,3
DA:25,3
DA:26,3
DA:27,3
DA:29,3
DA:30,0
DA:31,0
DA:32,0
DA:33,0
DA:34,0
DA:35,0
DA:36,0
DA:37,0
DA:38,0
DA:39,0
DA:40,0
DA:41,0
DA:42,0
DA:43,0
DA:44,0
DA:45,0
DA:46,0
DA:47,0
DA:49,3
DA:50,3
DA:51,3
DA:52,3
DA:53,0
DA:54,3
DA:55,1
DA:57,2
DA:58,2
DA:59,2
DA:60,2
DA:61,2
DA:62,2
DA:63,2
DA:64,2
DA:65,2
DA:66,2
DA:67,2
DA:68,2
DA:69,2
DA:70,2
DA:71,0
DA:72,0
DA:73,0
DA:74,0
DA:75,0
DA:76,0
DA:77,0
DA:78,0
DA:79,0
DA:80,0
DA:81,0
DA:82,0
DA:83,2
DA:84,2
DA:85,2
DA:86,2
DA:87,2
DA:89,3
DA:91,3
DA:93,1
LF:78
LH:47
BRDA:16,0,0,3
BRDA:52,1,0,0
BRDA:54,2,0,2
BRDA:54,3,0,1
BRDA:55,4,0,2
BRDA:70,5,0,1
BRDA:86,6,0,0
BRF:7
BRH:5
end_of_record
TN:
SF:src\components\main\Pagination.tsx
FN:9,Pagination
FN:22,onClick
FNF:2
FNH:2
FNDA:4,Pagination
FNDA:1,onClick
DA:1,1
DA:9,1
DA:10,4
DA:11,4
DA:12,10
DA:13,10
DA:15,4
DA:16,4
DA:17,4
DA:18,4
DA:19,10
DA:20,10
DA:21,10
DA:22,10
DA:24,10
DA:25,10
DA:26,4
DA:27,4
DA:28,4
DA:30,4
DA:32,1
LF:21
LH:21
BRDA:9,0,0,4
BRDA:11,1,0,10
BRDA:18,2,0,10
BRDA:20,3,0,2
BRDA:20,4,0,8
BRDA:22,5,0,1
BRF:6
BRH:6
end_of_record
TN:
SF:src\models\person.ts
FN:1,(empty-report)
FNF:1
FNH:1
FNDA:1,(empty-report)
LF:0
LH:0
BRDA:1,0,0,1
BRF:1
BRH:1
end_of_record
TN:
SF:src\pages\Homepage.tsx
FN:11,Home
FN:41,setPageStart
FNF:2
FNH:1
FNDA:2,Home
FNDA:0,setPageStart
DA:1,1
DA:2,1
DA:3,1
DA:5,1
DA:6,1
DA:7,1
DA:8,1
DA:9,1
DA:11,1
DA:12,2
DA:13,2
DA:14,2
DA:15,2
DA:16,2
DA:17,2
DA:19,2
DA:20,2
DA:21,1
DA:22,1
DA:24,1
DA:25,0
DA:26,0
DA:28,1
DA:29,1
DA:30,1
DA:31,0
DA:32,0
DA:33,0
DA:34,0
DA:35,0
DA:36,0
DA:37,1
DA:38,2
DA:39,2
DA:41,2
DA:42,0
DA:43,0
DA:45,2
DA:46,2
DA:47,2
DA:48,2
DA:49,2
DA:50,2
DA:51,2
DA:52,2
DA:53,2
DA:54,2
DA:55,2
DA:56,2
DA:57,2
DA:58,2
DA:59,2
DA:60,2
DA:62,2
DA:64,1
LF:55
LH:45
BRDA:11,0,0,2
BRDA:20,1,0,1
BRDA:22,2,0,0
BRDA:24,3,0,0
BRDA:30,4,0,0
BRF:5
BRH:2
end_of_record
TN:
SF:src\pages\NotFoundPage.tsx
FN:3,NotFoundPage
FNF:1
FNH:1
FNDA:1,NotFoundPage
DA:1,1
DA:3,1
DA:4,1
DA:5,1
DA:6,1
DA:7,1
DA:8,1
DA:9,1
DA:10,1
DA:11,1
DA:12,1
DA:14,1
DA:16,1
LF:13
LH:13
BRDA:3,0,0,1
BRF:1
BRH:1
end_of_record
TN:
SF:src\pages\RightSectionPage.tsx
FN:9,RightSection
FN:12,closeDetails
FNF:2
FNH:2
FNDA:2,RightSection
FNDA:1,closeDetails
DA:1,1
DA:2,1
DA:9,1
DA:10,2
DA:12,2
DA:13,1
DA:14,1
DA:15,1
DA:16,1
DA:18,2
DA:19,2
DA:20,2
DA:22,2
DA:23,2
DA:24,2
DA:25,2
DA:26,2
DA:27,2
DA:28,2
DA:29,2
DA:30,2
DA:31,2
DA:33,2
DA:35,1
LF:24
LH:24
BRDA:9,0,0,2
BRDA:12,1,0,1
BRF:2
BRH:2
end_of_record
TN:
SF:src\utils\api.ts
FN:12,fetchData
FN:39,fetchDetailsData
FNF:2
FNH:2
FNDA:3,fetchData
FNDA:2,fetchDetailsData
DA:12,3
DA:13,3
DA:14,3
DA:15,3
DA:16,3
DA:17,3
DA:18,3
DA:19,3
DA:20,1
DA:23,1
DA:25,1
DA:26,1
DA:27,1
DA:28,1
DA:29,1
DA:30,1
DA:32,1
DA:33,1
DA:34,1
DA:35,1
DA:36,1
DA:37,3
DA:39,2
DA:40,2
DA:41,2
DA:42,2
DA:43,2
DA:44,1
DA:46,1
DA:47,1
DA:48,1
DA:49,1
DA:50,1
DA:51,2
LF:34
LH:34
BRDA:12,0,0,3
BRDA:19,1,0,1
BRDA:25,2,0,1
BRDA:39,3,0,2
BRDA:43,4,0,1
BRF:5
BRH:5
end_of_record
